<?xml version="1.0" encoding="utf-8"?>
<TestRun id="a96c9655-30f2-43f9-8088-f36a34216bbc" name="m_lin@MIKE-LAPTOP-05 2026-06-10 09:26:07" runUser="MIKE-LAPTOP-05\m_lin" xmlns="http://microsoft.com/schemas/VisualStudio/TeamTest/2010">
  <Times creation="2026-06-10T09:26:07.7414896-04:00" queuing="2026-06-10T09:26:07.7414898-04:00" start="2026-06-10T09:26:07.2708101-04:00" finish="2026-06-10T09:26:07.7441007-04:00" />
  <TestSettings name="default" id="30f14645-dbcc-4cd1-a0c0-425619ac170d">
    <Deployment runDeploymentRoot="m_lin_MIKE-LAPTOP-05_2026-06-10_09_26_07" />
  </TestSettings>
  <Results>
    <UnitTestResult executionId="1e4360a1-90c1-4fe2-9680-fb42e8d8600d" testId="0d52ae48-d281-be4a-3909-bde911139d2e" testName="WWA.Core.Tests.UnitTest1.Test1" computerName="MIKE-LAPTOP-05" duration="00:00:00.0012865" startTime="2026-06-10T09:26:07.6653885-04:00" endTime="2026-06-10T09:26:07.6695992-04:00" testType="13cdc9d9-ddb5-4fa4-a97d-d965ccfc6d4b" outcome="Passed" testListId="8c84fa94-04c1-424b-9868-57a2d4851a1d" relativeResultsDirectory="1e4360a1-90c1-4fe2-9680-fb42e8d8600d" />
  </Results>
  <TestDefinitions>
    <UnitTest name="WWA.Core.Tests.UnitTest1.Test1" storage="f:\lumber-sizer\tests\wwa.core.tests\bin\debug\net10.0\wwa.core.tests.dll" id="0d52ae48-d281-be4a-3909-bde911139d2e">
      <Execution id="1e4360a1-90c1-4fe2-9680-fb42e8d8600d" />
      <TestMethod codeBase="F:\lumber-sizer\tests\WWA.Core.Tests\bin\Debug\net10.0\WWA.Core.Tests.dll" adapterTypeName="executor://xunit/VsTestRunner3/netcore/" className="WWA.Core.Tests.UnitTest1" name="Test1" />
    </UnitTest>
  </TestDefinitions>
  <TestEntries>
    <TestEntry testId="0d52ae48-d281-be4a-3909-bde911139d2e" executionId="1e4360a1-90c1-4fe2-9680-fb42e8d8600d" testListId="8c84fa94-04c1-424b-9868-57a2d4851a1d" />
  </TestEntries>
  <TestLists>
    <TestList name="Results Not in a List" id="8c84fa94-04c1-424b-9868-57a2d4851a1d" />
    <TestList name="All Loaded Results" id="19431567-8539-422a-85d7-44ee4e166bda" />
  </TestLists>
  <ResultSummary outcome="Completed">
    <Counters total="1" executed="1" passed="1" failed="0" error="0" timeout="0" aborted="0" inconclusive="0" passedButRunAborted="0" notRunnable="0" notExecuted="0" disconnected="0" warning="0" completed="0" inProgress="0" pending="0" />
    <Output>
      <StdOut>[xUnit.net 00:00:00.00] xUnit.net VSTest Adapter v3.1.4+50e68bbb8b (64-bit .NET 10.0.8)&#xD;
[xUnit.net 00:00:00.05]   Discovering: WWA.Core.Tests&#xD;
[xUnit.net 00:00:00.07]   Discovered:  WWA.Core.Tests&#xD;
[xUnit.net 00:00:00.08]   Starting:    WWA.Core.Tests&#xD;
[xUnit.net 00:00:00.10]   Finished:    WWA.Core.Tests&#xD;
</StdOut>
    </Output>
  </ResultSummary>
</TestRun>